<?xml version="1.0" encoding="UTF-8"?>
<robot generator="Robot 4.1.1 (Python 3.9.7 on win32)" generated="20211106 07:01:38.433" rpa="false" schemaversion="2">
<suite id="s1" name="Defult tag" source="C:\Users\deepaak\PycharmProjects\RobotFremwork\Tags\Defult_tag.robot">
<test id="s1-t1" name="Tc_001 Browser Start and Close">
<kw name="Open Browser" library="SeleniumLibrary">
<arg>${Url}</arg>
<arg>${Browser}</arg>
<doc>Opens a new browser instance to the optional ``url``.</doc>
<msg timestamp="20211106 07:01:38.964" level="INFO">Opening browser 'Chrome' to base url 'https://thetestingworld.com/testings/'.</msg>
<status status="PASS" starttime="20211106 07:01:38.963" endtime="20211106 07:01:54.878"/>
</kw>
<kw name="Maximize Browser Window" library="SeleniumLibrary">
<doc>Maximizes current browser window.</doc>
<status status="PASS" starttime="20211106 07:01:54.879" endtime="20211106 07:01:55.022"/>
</kw>
<kw name="Input Text" library="SeleniumLibrary">
<arg>name:fld_username</arg>
<arg>Test</arg>
<doc>Types the given ``text`` into the text field identified by ``locator``.</doc>
<msg timestamp="20211106 07:01:55.025" level="INFO">Typing text 'Test' into text field 'name:fld_username'.</msg>
<status status="PASS" starttime="20211106 07:01:55.024" endtime="20211106 07:01:55.174"/>
</kw>
<kw name="Input Text" library="SeleniumLibrary">
<arg>name:fld_email</arg>
<arg>test@gmail.com</arg>
<doc>Types the given ``text`` into the text field identified by ``locator``.</doc>
<msg timestamp="20211106 07:01:55.176" level="INFO">Typing text 'test@gmail.com' into text field 'name:fld_email'.</msg>
<status status="PASS" starttime="20211106 07:01:55.175" endtime="20211106 07:01:55.330"/>
</kw>
<kw name="Input Text" library="SeleniumLibrary">
<arg>name:fld_password</arg>
<arg>12345</arg>
<doc>Types the given ``text`` into the text field identified by ``locator``.</doc>
<msg timestamp="20211106 07:01:55.331" level="INFO">Typing text '12345' into text field 'name:fld_password'.</msg>
<status status="PASS" starttime="20211106 07:01:55.331" endtime="20211106 07:01:55.484"/>
</kw>
<kw name="Close Browser" library="SeleniumLibrary">
<doc>Closes the current browser.</doc>
<status status="PASS" starttime="20211106 07:01:55.485" endtime="20211106 07:01:57.703"/>
</kw>
<tag>Retest</tag>
<tag>Smoke</tag>
<status status="PASS" starttime="20211106 07:01:38.962" endtime="20211106 07:01:57.705"/>
</test>
<test id="s1-t2" name="Tc_002 Browser Start and Close">
<kw name="Open Browser" library="SeleniumLibrary">
<arg>${Url}</arg>
<arg>${Browser}</arg>
<doc>Opens a new browser instance to the optional ``url``.</doc>
<msg timestamp="20211106 07:01:57.709" level="INFO">Opening browser 'Chrome' to base url 'https://thetestingworld.com/testings/'.</msg>
<status status="PASS" starttime="20211106 07:01:57.708" endtime="20211106 07:02:11.889"/>
</kw>
<kw name="Maximize Browser Window" library="SeleniumLibrary">
<doc>Maximizes current browser window.</doc>
<status status="PASS" starttime="20211106 07:02:11.890" endtime="20211106 07:02:12.026"/>
</kw>
<kw name="Input Text" library="SeleniumLibrary">
<arg>name:fld_username</arg>
<arg>Test</arg>
<doc>Types the given ``text`` into the text field identified by ``locator``.</doc>
<msg timestamp="20211106 07:02:12.028" level="INFO">Typing text 'Test' into text field 'name:fld_username'.</msg>
<status status="PASS" starttime="20211106 07:02:12.027" endtime="20211106 07:02:12.190"/>
</kw>
<kw name="Input Text" library="SeleniumLibrary">
<arg>name:fld_email</arg>
<arg>test@gmail.com</arg>
<doc>Types the given ``text`` into the text field identified by ``locator``.</doc>
<msg timestamp="20211106 07:02:12.191" level="INFO">Typing text 'test@gmail.com' into text field 'name:fld_email'.</msg>
<status status="PASS" starttime="20211106 07:02:12.191" endtime="20211106 07:02:12.349"/>
</kw>
<kw name="Input Text" library="SeleniumLibrary">
<arg>name:fld_password</arg>
<arg>12345</arg>
<doc>Types the given ``text`` into the text field identified by ``locator``.</doc>
<msg timestamp="20211106 07:02:12.351" level="INFO">Typing text '12345' into text field 'name:fld_password'.</msg>
<status status="PASS" starttime="20211106 07:02:12.350" endtime="20211106 07:02:12.502"/>
</kw>
<kw name="Close Browser" library="SeleniumLibrary">
<doc>Closes the current browser.</doc>
<status status="PASS" starttime="20211106 07:02:12.503" endtime="20211106 07:02:15.974"/>
</kw>
<tag>Sanity</tag>
<status status="PASS" starttime="20211106 07:01:57.707" endtime="20211106 07:02:19.424"/>
</test>
<test id="s1-t3" name="Tc_003 Browser Start and Close">
<kw name="Open Browser" library="SeleniumLibrary">
<arg>${Url}</arg>
<arg>${Browser}</arg>
<doc>Opens a new browser instance to the optional ``url``.</doc>
<msg timestamp="20211106 07:02:19.430" level="INFO">Opening browser 'Chrome' to base url 'https://thetestingworld.com/testings/'.</msg>
<status status="PASS" starttime="20211106 07:02:19.430" endtime="20211106 07:02:29.899"/>
</kw>
<kw name="Maximize Browser Window" library="SeleniumLibrary">
<doc>Maximizes current browser window.</doc>
<status status="PASS" starttime="20211106 07:02:29.900" endtime="20211106 07:02:30.041"/>
</kw>
<kw name="Input Text" library="SeleniumLibrary">
<arg>name:fld_username</arg>
<arg>Test</arg>
<doc>Types the given ``text`` into the text field identified by ``locator``.</doc>
<msg timestamp="20211106 07:02:30.042" level="INFO">Typing text 'Test' into text field 'name:fld_username'.</msg>
<status status="PASS" starttime="20211106 07:02:30.042" endtime="20211106 07:02:30.201"/>
</kw>
<kw name="Input Text" library="SeleniumLibrary">
<arg>name:fld_email</arg>
<arg>test@gmail.com</arg>
<doc>Types the given ``text`` into the text field identified by ``locator``.</doc>
<msg timestamp="20211106 07:02:30.203" level="INFO">Typing text 'test@gmail.com' into text field 'name:fld_email'.</msg>
<status status="PASS" starttime="20211106 07:02:30.202" endtime="20211106 07:02:30.364"/>
</kw>
<kw name="Input Text" library="SeleniumLibrary">
<arg>name:fld_password</arg>
<arg>12345</arg>
<doc>Types the given ``text`` into the text field identified by ``locator``.</doc>
<msg timestamp="20211106 07:02:30.367" level="INFO">Typing text '12345' into text field 'name:fld_password'.</msg>
<status status="PASS" starttime="20211106 07:02:30.365" endtime="20211106 07:02:30.501"/>
</kw>
<kw name="Close Browser" library="SeleniumLibrary">
<doc>Closes the current browser.</doc>
<status status="PASS" starttime="20211106 07:02:30.503" endtime="20211106 07:02:32.714"/>
</kw>
<tag>Remain</tag>
<status status="PASS" starttime="20211106 07:02:19.428" endtime="20211106 07:02:32.716"/>
</test>
<status status="PASS" starttime="20211106 07:01:38.441" endtime="20211106 07:02:32.720"/>
</suite>
<statistics>
<total>
<stat pass="3" fail="0" skip="0">All Tests</stat>
</total>
<tag>
<stat pass="1" fail="0" skip="0">Remain</stat>
<stat pass="1" fail="0" skip="0">Retest</stat>
<stat pass="1" fail="0" skip="0">Sanity</stat>
<stat pass="1" fail="0" skip="0">Smoke</stat>
</tag>
<suite>
<stat pass="3" fail="0" skip="0" id="s1" name="Defult tag">Defult tag</stat>
</suite>
</statistics>
<errors>
<msg timestamp="20211106 07:01:38.437" level="ERROR">Taking listener ''allure_robotframework;./Tags/output.xml'' into use failed: Importing listener ''allure_robotframework' failed: ModuleNotFoundError: No module named "'allure_robotframework"
Traceback (most recent call last):
  None
PYTHONPATH:
  C:\Python39\Scripts\robot.exe
  C:\Python39\python39.zip
  C:\Python39\DLLs
  C:\Python39\lib
  C:\Python39
  C:\Users\deepaak\AppData\Roaming\Python\Python39\site-packages
  C:\Python39\lib\site-packages
  C:\Python39\lib\site-packages\win32
  C:\Python39\lib\site-packages\win32\lib
  C:\Python39\lib\site-packages\Pythonwin</msg>
</errors>
</robot>
